mode: set
github.com/silverbulletmd/silverbullet/server/auth.go:29.59,31.65 1 1
github.com/silverbulletmd/silverbullet/server/auth.go:31.65,41.3 5 0
github.com/silverbulletmd/silverbullet/server/auth.go:44.2,44.63 1 1
github.com/silverbulletmd/silverbullet/server/auth.go:44.63,46.30 2 1
github.com/silverbulletmd/silverbullet/server/auth.go:46.30,49.4 2 1
github.com/silverbulletmd/silverbullet/server/auth.go:50.3,50.48 1 1
github.com/silverbulletmd/silverbullet/server/auth.go:50.48,53.4 2 0
github.com/silverbulletmd/silverbullet/server/auth.go:55.3,56.17 2 1
github.com/silverbulletmd/silverbullet/server/auth.go:56.17,59.4 2 0
github.com/silverbulletmd/silverbullet/server/auth.go:61.3,71.54 5 1
github.com/silverbulletmd/silverbullet/server/auth.go:71.54,74.4 2 0
github.com/silverbulletmd/silverbullet/server/auth.go:78.2,78.64 1 1
github.com/silverbulletmd/silverbullet/server/auth.go:78.64,80.48 2 1
github.com/silverbulletmd/silverbullet/server/auth.go:80.48,83.4 2 0
github.com/silverbulletmd/silverbullet/server/auth.go:84.3,84.39 1 1
github.com/silverbulletmd/silverbullet/server/auth.go:84.39,87.4 2 0
github.com/silverbulletmd/silverbullet/server/auth.go:89.3,94.39 5 1
github.com/silverbulletmd/silverbullet/server/auth.go:94.39,97.4 2 1
github.com/silverbulletmd/silverbullet/server/auth.go:99.3,99.42 1 1
github.com/silverbulletmd/silverbullet/server/auth.go:99.42,103.4 3 0
github.com/silverbulletmd/silverbullet/server/auth.go:105.3,105.48 1 1
github.com/silverbulletmd/silverbullet/server/auth.go:105.48,113.24 4 1
github.com/silverbulletmd/silverbullet/server/auth.go:113.24,115.5 1 0
github.com/silverbulletmd/silverbullet/server/auth.go:115.10,117.5 1 1
github.com/silverbulletmd/silverbullet/server/auth.go:119.4,119.18 1 1
github.com/silverbulletmd/silverbullet/server/auth.go:119.18,123.5 3 0
github.com/silverbulletmd/silverbullet/server/auth.go:125.4,135.24 5 1
github.com/silverbulletmd/silverbullet/server/auth.go:135.24,137.5 1 0
github.com/silverbulletmd/silverbullet/server/auth.go:139.4,140.18 2 1
github.com/silverbulletmd/silverbullet/server/auth.go:140.18,142.5 1 0
github.com/silverbulletmd/silverbullet/server/auth.go:144.4,147.6 1 1
github.com/silverbulletmd/silverbullet/server/auth.go:148.9,156.4 3 1
github.com/silverbulletmd/silverbullet/server/auth.go:160.50,161.34 1 1
github.com/silverbulletmd/silverbullet/server/auth.go:161.34,168.17 5 1
github.com/silverbulletmd/silverbullet/server/auth.go:168.17,170.4 1 0
github.com/silverbulletmd/silverbullet/server/auth.go:173.3,173.40 1 1
github.com/silverbulletmd/silverbullet/server/auth.go:173.40,175.4 1 1
github.com/silverbulletmd/silverbullet/server/auth.go:175.9,177.4 1 0
github.com/silverbulletmd/silverbullet/server/auth.go:179.2,179.12 1 1
github.com/silverbulletmd/silverbullet/server/auth.go:183.75,184.46 1 1
github.com/silverbulletmd/silverbullet/server/auth.go:184.46,185.72 1 1
github.com/silverbulletmd/silverbullet/server/auth.go:185.72,188.31 3 1
github.com/silverbulletmd/silverbullet/server/auth.go:188.31,192.5 2 1
github.com/silverbulletmd/silverbullet/server/auth.go:194.4,197.28 3 1
github.com/silverbulletmd/silverbullet/server/auth.go:197.28,200.5 2 1
github.com/silverbulletmd/silverbullet/server/auth.go:202.4,202.49 1 1
github.com/silverbulletmd/silverbullet/server/auth.go:202.49,205.5 2 0
github.com/silverbulletmd/silverbullet/server/auth.go:207.4,210.60 2 1
github.com/silverbulletmd/silverbullet/server/auth.go:210.60,212.66 2 1
github.com/silverbulletmd/silverbullet/server/auth.go:212.66,214.49 2 1
github.com/silverbulletmd/silverbullet/server/auth.go:214.49,217.7 2 1
github.com/silverbulletmd/silverbullet/server/auth.go:217.12,221.7 3 1
github.com/silverbulletmd/silverbullet/server/auth.go:225.4,225.24 1 1
github.com/silverbulletmd/silverbullet/server/auth.go:225.24,229.5 3 1
github.com/silverbulletmd/silverbullet/server/auth.go:232.4,233.18 2 0
github.com/silverbulletmd/silverbullet/server/auth.go:233.18,237.5 3 0
github.com/silverbulletmd/silverbullet/server/auth.go:239.4,240.11 2 0
github.com/silverbulletmd/silverbullet/server/auth.go:240.11,244.5 3 0
github.com/silverbulletmd/silverbullet/server/auth.go:246.4,247.24 2 0
github.com/silverbulletmd/silverbullet/server/auth.go:253.94,254.40 1 0
github.com/silverbulletmd/silverbullet/server/auth.go:254.40,258.16 3 0
github.com/silverbulletmd/silverbullet/server/auth.go:258.16,266.4 3 0
github.com/silverbulletmd/silverbullet/server/auth.go:283.66,292.2 2 1
github.com/silverbulletmd/silverbullet/server/auth.go:295.44,297.40 2 1
github.com/silverbulletmd/silverbullet/server/auth.go:297.40,299.3 1 0
github.com/silverbulletmd/silverbullet/server/auth.go:301.2,302.20 2 1
github.com/silverbulletmd/silverbullet/server/auth.go:306.41,307.17 1 1
github.com/silverbulletmd/silverbullet/server/auth.go:307.17,309.3 1 0
github.com/silverbulletmd/silverbullet/server/auth.go:311.2,315.35 4 1
github.com/silverbulletmd/silverbullet/server/auth.go:320.36,321.17 1 1
github.com/silverbulletmd/silverbullet/server/auth.go:321.17,323.3 1 0
github.com/silverbulletmd/silverbullet/server/auth.go:325.2,329.18 3 1
github.com/silverbulletmd/silverbullet/server/auth_utils.go:14.41,19.2 3 1
github.com/silverbulletmd/silverbullet/server/auth_utils.go:22.40,24.2 1 1
github.com/silverbulletmd/silverbullet/server/auth_utils.go:27.82,34.31 2 1
github.com/silverbulletmd/silverbullet/server/auth_utils.go:34.31,36.3 1 1
github.com/silverbulletmd/silverbullet/server/auth_utils.go:38.2,38.27 1 1
github.com/silverbulletmd/silverbullet/server/auth_utils.go:42.53,44.16 2 1
github.com/silverbulletmd/silverbullet/server/auth_utils.go:44.16,46.3 1 1
github.com/silverbulletmd/silverbullet/server/auth_utils.go:47.2,47.21 1 0
github.com/silverbulletmd/silverbullet/server/auth_utils.go:51.78,60.2 2 0
github.com/silverbulletmd/silverbullet/server/auth_utils.go:71.42,73.16 2 1
github.com/silverbulletmd/silverbullet/server/auth_utils.go:73.16,75.3 1 0
github.com/silverbulletmd/silverbullet/server/auth_utils.go:76.2,76.13 1 1
github.com/silverbulletmd/silverbullet/server/auth_utils.go:80.86,84.77 2 1
github.com/silverbulletmd/silverbullet/server/auth_utils.go:84.77,88.3 3 1
github.com/silverbulletmd/silverbullet/server/auth_utils.go:88.8,90.3 1 0
github.com/silverbulletmd/silverbullet/server/auth_utils.go:92.2,93.33 2 0
github.com/silverbulletmd/silverbullet/server/auth_utils.go:97.49,98.18 1 1
github.com/silverbulletmd/silverbullet/server/auth_utils.go:98.18,100.3 1 1
github.com/silverbulletmd/silverbullet/server/auth_utils.go:101.2,101.22 1 0
github.com/silverbulletmd/silverbullet/server/auth_utils.go:105.50,106.18 1 1
github.com/silverbulletmd/silverbullet/server/auth_utils.go:106.18,108.3 1 1
github.com/silverbulletmd/silverbullet/server/auth_utils.go:109.2,109.37 1 0
github.com/silverbulletmd/silverbullet/server/auth_utils.go:109.37,111.3 1 0
github.com/silverbulletmd/silverbullet/server/auth_utils.go:112.2,112.13 1 0
github.com/silverbulletmd/silverbullet/server/auth_utils.go:116.39,117.17 1 1
github.com/silverbulletmd/silverbullet/server/auth_utils.go:117.17,119.3 1 0
github.com/silverbulletmd/silverbullet/server/auth_utils.go:121.2,121.45 1 1
github.com/silverbulletmd/silverbullet/server/auth_utils.go:121.45,122.44 1 1
github.com/silverbulletmd/silverbullet/server/auth_utils.go:122.44,124.4 1 1
github.com/silverbulletmd/silverbullet/server/auth_utils.go:126.2,126.14 1 1
github.com/silverbulletmd/silverbullet/server/auth_utils.go:130.57,132.2 1 0
github.com/silverbulletmd/silverbullet/server/crypto.go:26.89,30.24 2 1
github.com/silverbulletmd/silverbullet/server/crypto.go:30.24,33.48 2 1
github.com/silverbulletmd/silverbullet/server/crypto.go:33.48,35.4 1 0
github.com/silverbulletmd/silverbullet/server/crypto.go:36.3,36.19 1 1
github.com/silverbulletmd/silverbullet/server/crypto.go:38.2,38.16 1 1
github.com/silverbulletmd/silverbullet/server/crypto.go:38.16,40.3 1 0
github.com/silverbulletmd/silverbullet/server/crypto.go:42.2,44.57 3 1
github.com/silverbulletmd/silverbullet/server/crypto.go:44.57,46.3 1 0
github.com/silverbulletmd/silverbullet/server/crypto.go:47.2,47.47 1 1
github.com/silverbulletmd/silverbullet/server/crypto.go:47.47,49.3 1 0
github.com/silverbulletmd/silverbullet/server/crypto.go:51.2,51.19 1 1
github.com/silverbulletmd/silverbullet/server/crypto.go:54.38,56.16 2 1
github.com/silverbulletmd/silverbullet/server/crypto.go:56.16,58.3 1 0
github.com/silverbulletmd/silverbullet/server/crypto.go:60.2,60.46 1 1
github.com/silverbulletmd/silverbullet/server/crypto.go:64.61,65.23 1 1
github.com/silverbulletmd/silverbullet/server/crypto.go:65.23,67.44 2 1
github.com/silverbulletmd/silverbullet/server/crypto.go:67.44,69.4 1 0
github.com/silverbulletmd/silverbullet/server/crypto.go:72.2,73.31 2 1
github.com/silverbulletmd/silverbullet/server/crypto.go:73.31,76.44 2 1
github.com/silverbulletmd/silverbullet/server/crypto.go:76.44,78.4 1 0
github.com/silverbulletmd/silverbullet/server/crypto.go:81.2,83.18 2 1
github.com/silverbulletmd/silverbullet/server/crypto.go:83.18,87.3 3 1
github.com/silverbulletmd/silverbullet/server/crypto.go:89.2,89.17 1 1
github.com/silverbulletmd/silverbullet/server/crypto.go:94.48,97.48 2 1
github.com/silverbulletmd/silverbullet/server/crypto.go:97.48,99.3 1 0
github.com/silverbulletmd/silverbullet/server/crypto.go:101.2,103.12 2 1
github.com/silverbulletmd/silverbullet/server/crypto.go:106.70,108.16 2 1
github.com/silverbulletmd/silverbullet/server/crypto.go:108.16,109.13 1 0
github.com/silverbulletmd/silverbullet/server/crypto.go:111.2,112.36 2 1
github.com/silverbulletmd/silverbullet/server/crypto.go:116.97,123.52 3 1
github.com/silverbulletmd/silverbullet/server/crypto.go:123.52,125.3 1 1
github.com/silverbulletmd/silverbullet/server/crypto.go:127.2,129.16 3 1
github.com/silverbulletmd/silverbullet/server/crypto.go:129.16,131.3 1 0
github.com/silverbulletmd/silverbullet/server/crypto.go:132.2,132.32 1 1
github.com/silverbulletmd/silverbullet/server/crypto.go:136.88,137.75 1 1
github.com/silverbulletmd/silverbullet/server/crypto.go:137.75,139.58 1 1
github.com/silverbulletmd/silverbullet/server/crypto.go:139.58,141.4 1 0
github.com/silverbulletmd/silverbullet/server/crypto.go:142.3,142.54 1 1
github.com/silverbulletmd/silverbullet/server/crypto.go:145.2,145.16 1 1
github.com/silverbulletmd/silverbullet/server/crypto.go:145.16,147.3 1 1
github.com/silverbulletmd/silverbullet/server/crypto.go:149.2,149.67 1 1
github.com/silverbulletmd/silverbullet/server/crypto.go:149.67,151.3 1 1
github.com/silverbulletmd/silverbullet/server/crypto.go:153.2,153.41 1 0
github.com/silverbulletmd/silverbullet/server/disk_space_primitives.go:32.13,34.2 1 1
github.com/silverbulletmd/silverbullet/server/disk_space_primitives.go:37.94,40.16 2 1
github.com/silverbulletmd/silverbullet/server/disk_space_primitives.go:40.16,42.3 1 0
github.com/silverbulletmd/silverbullet/server/disk_space_primitives.go:45.2,45.64 1 1
github.com/silverbulletmd/silverbullet/server/disk_space_primitives.go:45.64,47.3 1 0
github.com/silverbulletmd/silverbullet/server/disk_space_primitives.go:48.2,53.8 2 1
github.com/silverbulletmd/silverbullet/server/disk_space_primitives.go:57.66,62.31 2 1
github.com/silverbulletmd/silverbullet/server/disk_space_primitives.go:62.31,64.3 1 1
github.com/silverbulletmd/silverbullet/server/disk_space_primitives.go:67.2,73.46 3 1
github.com/silverbulletmd/silverbullet/server/disk_space_primitives.go:73.46,75.3 1 1
github.com/silverbulletmd/silverbullet/server/disk_space_primitives.go:78.2,79.16 2 1
github.com/silverbulletmd/silverbullet/server/disk_space_primitives.go:79.16,81.3 1 0
github.com/silverbulletmd/silverbullet/server/disk_space_primitives.go:82.2,82.38 1 1
github.com/silverbulletmd/silverbullet/server/disk_space_primitives.go:82.38,84.3 1 0
github.com/silverbulletmd/silverbullet/server/disk_space_primitives.go:86.2,86.22 1 1
github.com/silverbulletmd/silverbullet/server/disk_space_primitives.go:90.79,92.2 1 1
github.com/silverbulletmd/silverbullet/server/disk_space_primitives.go:95.70,96.46 1 1
github.com/silverbulletmd/silverbullet/server/disk_space_primitives.go:96.46,98.3 1 0
github.com/silverbulletmd/silverbullet/server/disk_space_primitives.go:100.2,104.74 3 1
github.com/silverbulletmd/silverbullet/server/disk_space_primitives.go:108.90,117.2 1 1
github.com/silverbulletmd/silverbullet/server/disk_space_primitives.go:124.67,133.95 4 1
github.com/silverbulletmd/silverbullet/server/disk_space_primitives.go:133.95,134.17 1 1
github.com/silverbulletmd/silverbullet/server/disk_space_primitives.go:134.17,137.4 1 0
github.com/silverbulletmd/silverbullet/server/disk_space_primitives.go:140.3,140.20 1 1
github.com/silverbulletmd/silverbullet/server/disk_space_primitives.go:140.20,141.44 1 1
github.com/silverbulletmd/silverbullet/server/disk_space_primitives.go:141.44,143.5 1 1
github.com/silverbulletmd/silverbullet/server/disk_space_primitives.go:144.4,144.14 1 1
github.com/silverbulletmd/silverbullet/server/disk_space_primitives.go:148.3,148.43 1 1
github.com/silverbulletmd/silverbullet/server/disk_space_primitives.go:148.43,150.4 1 1
github.com/silverbulletmd/silverbullet/server/disk_space_primitives.go:152.3,155.44 2 1
github.com/silverbulletmd/silverbullet/server/disk_space_primitives.go:155.44,157.4 1 1
github.com/silverbulletmd/silverbullet/server/disk_space_primitives.go:160.3,160.39 1 1
github.com/silverbulletmd/silverbullet/server/disk_space_primitives.go:160.39,162.4 1 1
github.com/silverbulletmd/silverbullet/server/disk_space_primitives.go:165.3,166.17 2 1
github.com/silverbulletmd/silverbullet/server/disk_space_primitives.go:166.17,169.4 1 0
github.com/silverbulletmd/silverbullet/server/disk_space_primitives.go:171.3,177.13 5 1
github.com/silverbulletmd/silverbullet/server/disk_space_primitives.go:180.2,180.16 1 1
github.com/silverbulletmd/silverbullet/server/disk_space_primitives.go:180.16,182.3 1 0
github.com/silverbulletmd/silverbullet/server/disk_space_primitives.go:184.2,186.22 2 1
github.com/silverbulletmd/silverbullet/server/disk_space_primitives.go:190.74,192.16 2 1
github.com/silverbulletmd/silverbullet/server/disk_space_primitives.go:192.16,194.3 1 0
github.com/silverbulletmd/silverbullet/server/disk_space_primitives.go:196.2,198.16 2 1
github.com/silverbulletmd/silverbullet/server/disk_space_primitives.go:198.16,199.25 1 1
github.com/silverbulletmd/silverbullet/server/disk_space_primitives.go:199.25,201.4 1 1
github.com/silverbulletmd/silverbullet/server/disk_space_primitives.go:205.3,205.25 1 0
github.com/silverbulletmd/silverbullet/server/disk_space_primitives.go:205.25,207.4 1 0
github.com/silverbulletmd/silverbullet/server/disk_space_primitives.go:208.3,208.68 1 0
github.com/silverbulletmd/silverbullet/server/disk_space_primitives.go:211.2,211.46 1 1
github.com/silverbulletmd/silverbullet/server/disk_space_primitives.go:215.79,217.16 2 1
github.com/silverbulletmd/silverbullet/server/disk_space_primitives.go:217.16,219.3 1 0
github.com/silverbulletmd/silverbullet/server/disk_space_primitives.go:222.2,223.16 2 1
github.com/silverbulletmd/silverbullet/server/disk_space_primitives.go:223.16,224.25 1 1
github.com/silverbulletmd/silverbullet/server/disk_space_primitives.go:224.25,226.4 1 1
github.com/silverbulletmd/silverbullet/server/disk_space_primitives.go:228.3,228.25 1 0
github.com/silverbulletmd/silverbullet/server/disk_space_primitives.go:228.25,230.4 1 0
github.com/silverbulletmd/silverbullet/server/disk_space_primitives.go:231.3,231.78 1 0
github.com/silverbulletmd/silverbullet/server/disk_space_primitives.go:235.2,236.16 2 1
github.com/silverbulletmd/silverbullet/server/disk_space_primitives.go:236.16,238.25 1 0
github.com/silverbulletmd/silverbullet/server/disk_space_primitives.go:238.25,240.4 1 0
github.com/silverbulletmd/silverbullet/server/disk_space_primitives.go:241.3,241.78 1 0
github.com/silverbulletmd/silverbullet/server/disk_space_primitives.go:244.2,245.24 2 1
github.com/silverbulletmd/silverbullet/server/disk_space_primitives.go:249.101,251.16 2 1
github.com/silverbulletmd/silverbullet/server/disk_space_primitives.go:251.16,253.3 1 0
github.com/silverbulletmd/silverbullet/server/disk_space_primitives.go:256.2,257.53 2 1
github.com/silverbulletmd/silverbullet/server/disk_space_primitives.go:257.53,259.3 1 0
github.com/silverbulletmd/silverbullet/server/disk_space_primitives.go:262.2,262.60 1 1
github.com/silverbulletmd/silverbullet/server/disk_space_primitives.go:262.60,264.3 1 0
github.com/silverbulletmd/silverbullet/server/disk_space_primitives.go:267.2,267.42 1 1
github.com/silverbulletmd/silverbullet/server/disk_space_primitives.go:267.42,269.65 2 1
github.com/silverbulletmd/silverbullet/server/disk_space_primitives.go:269.65,271.4 1 0
github.com/silverbulletmd/silverbullet/server/disk_space_primitives.go:275.2,275.28 1 1
github.com/silverbulletmd/silverbullet/server/disk_space_primitives.go:279.61,281.16 2 1
github.com/silverbulletmd/silverbullet/server/disk_space_primitives.go:281.16,283.3 1 0
github.com/silverbulletmd/silverbullet/server/disk_space_primitives.go:285.2,285.45 1 1
github.com/silverbulletmd/silverbullet/server/disk_space_primitives.go:285.45,286.25 1 1
github.com/silverbulletmd/silverbullet/server/disk_space_primitives.go:286.25,288.4 1 1
github.com/silverbulletmd/silverbullet/server/disk_space_primitives.go:289.3,289.63 1 0
github.com/silverbulletmd/silverbullet/server/disk_space_primitives.go:293.2,295.12 2 1
github.com/silverbulletmd/silverbullet/server/disk_space_primitives.go:299.69,302.70 2 1
github.com/silverbulletmd/silverbullet/server/disk_space_primitives.go:302.70,304.17 2 1
github.com/silverbulletmd/silverbullet/server/disk_space_primitives.go:304.17,306.9 1 0
github.com/silverbulletmd/silverbullet/server/disk_space_primitives.go:308.3,308.34 1 1
github.com/silverbulletmd/silverbullet/server/disk_space_primitives.go:313.50,315.22 2 1
github.com/silverbulletmd/silverbullet/server/disk_space_primitives.go:315.22,317.3 1 1
github.com/silverbulletmd/silverbullet/server/disk_space_primitives.go:317.8,319.3 1 0
github.com/silverbulletmd/silverbullet/server/disk_space_primitives.go:326.36,327.16 1 0
github.com/silverbulletmd/silverbullet/server/disk_space_primitives.go:327.16,329.3 1 0
github.com/silverbulletmd/silverbullet/server/disk_space_primitives.go:332.2,337.50 2 0
github.com/silverbulletmd/silverbullet/server/embed_space_primitives.go:23.155,30.2 1 1
github.com/silverbulletmd/silverbullet/server/embed_space_primitives.go:33.82,35.2 1 1
github.com/silverbulletmd/silverbullet/server/embed_space_primitives.go:38.82,40.2 1 0
github.com/silverbulletmd/silverbullet/server/embed_space_primitives.go:43.105,52.2 1 1
github.com/silverbulletmd/silverbullet/server/embed_space_primitives.go:56.82,60.94 2 0
github.com/silverbulletmd/silverbullet/server/embed_space_primitives.go:60.94,61.17 1 0
github.com/silverbulletmd/silverbullet/server/embed_space_primitives.go:61.17,64.4 1 0
github.com/silverbulletmd/silverbullet/server/embed_space_primitives.go:67.3,67.20 1 0
github.com/silverbulletmd/silverbullet/server/embed_space_primitives.go:67.20,69.4 1 0
github.com/silverbulletmd/silverbullet/server/embed_space_primitives.go:72.3,73.17 2 0
github.com/silverbulletmd/silverbullet/server/embed_space_primitives.go:73.17,76.4 1 0
github.com/silverbulletmd/silverbullet/server/embed_space_primitives.go:79.3,83.13 4 0
github.com/silverbulletmd/silverbullet/server/embed_space_primitives.go:86.2,86.16 1 0
github.com/silverbulletmd/silverbullet/server/embed_space_primitives.go:86.16,88.3 1 0
github.com/silverbulletmd/silverbullet/server/embed_space_primitives.go:90.2,91.16 2 0
github.com/silverbulletmd/silverbullet/server/embed_space_primitives.go:91.16,93.3 1 0
github.com/silverbulletmd/silverbullet/server/embed_space_primitives.go:95.2,97.22 2 0
github.com/silverbulletmd/silverbullet/server/embed_space_primitives.go:101.89,106.33 3 0
github.com/silverbulletmd/silverbullet/server/embed_space_primitives.go:106.33,108.3 1 0
github.com/silverbulletmd/silverbullet/server/embed_space_primitives.go:110.2,110.41 1 0
github.com/silverbulletmd/silverbullet/server/embed_space_primitives.go:110.41,112.3 1 0
github.com/silverbulletmd/silverbullet/server/embed_space_primitives.go:115.2,115.55 1 0
github.com/silverbulletmd/silverbullet/server/embed_space_primitives.go:119.94,124.16 3 1
github.com/silverbulletmd/silverbullet/server/embed_space_primitives.go:124.16,127.21 2 1
github.com/silverbulletmd/silverbullet/server/embed_space_primitives.go:127.21,129.4 1 0
github.com/silverbulletmd/silverbullet/server/embed_space_primitives.go:131.3,131.53 1 1
github.com/silverbulletmd/silverbullet/server/embed_space_primitives.go:134.2,134.41 1 1
github.com/silverbulletmd/silverbullet/server/embed_space_primitives.go:134.41,136.3 1 0
github.com/silverbulletmd/silverbullet/server/embed_space_primitives.go:139.2,139.52 1 1
github.com/silverbulletmd/silverbullet/server/embed_space_primitives.go:144.116,149.16 3 1
github.com/silverbulletmd/silverbullet/server/embed_space_primitives.go:149.16,152.3 1 1
github.com/silverbulletmd/silverbullet/server/embed_space_primitives.go:154.2,154.41 1 1
github.com/silverbulletmd/silverbullet/server/embed_space_primitives.go:154.41,156.3 1 0
github.com/silverbulletmd/silverbullet/server/embed_space_primitives.go:158.2,158.65 1 1
github.com/silverbulletmd/silverbullet/server/embed_space_primitives.go:163.76,168.16 3 1
github.com/silverbulletmd/silverbullet/server/embed_space_primitives.go:168.16,171.3 1 1
github.com/silverbulletmd/silverbullet/server/embed_space_primitives.go:173.2,173.41 1 0
github.com/silverbulletmd/silverbullet/server/embed_space_primitives.go:173.41,175.3 1 0
github.com/silverbulletmd/silverbullet/server/embed_space_primitives.go:177.2,177.54 1 0
github.com/silverbulletmd/silverbullet/server/fs.go:15.35,25.70 6 1
github.com/silverbulletmd/silverbullet/server/fs.go:25.70,28.3 2 1
github.com/silverbulletmd/silverbullet/server/fs.go:30.2,30.17 1 1
github.com/silverbulletmd/silverbullet/server/fs.go:33.59,35.39 2 1
github.com/silverbulletmd/silverbullet/server/fs.go:35.39,38.17 2 1
github.com/silverbulletmd/silverbullet/server/fs.go:38.17,41.4 2 0
github.com/silverbulletmd/silverbullet/server/fs.go:42.3,44.27 3 1
github.com/silverbulletmd/silverbullet/server/fs.go:45.8,48.3 1 1
github.com/silverbulletmd/silverbullet/server/fs.go:52.58,58.38 3 1
github.com/silverbulletmd/silverbullet/server/fs.go:58.38,61.17 2 1
github.com/silverbulletmd/silverbullet/server/fs.go:61.17,62.26 1 0
github.com/silverbulletmd/silverbullet/server/fs.go:62.26,64.5 1 0
github.com/silverbulletmd/silverbullet/server/fs.go:64.10,66.5 1 0
github.com/silverbulletmd/silverbullet/server/fs.go:67.4,67.10 1 0
github.com/silverbulletmd/silverbullet/server/fs.go:70.3,72.9 3 1
github.com/silverbulletmd/silverbullet/server/fs.go:76.2,77.16 2 1
github.com/silverbulletmd/silverbullet/server/fs.go:77.16,78.25 1 1
github.com/silverbulletmd/silverbullet/server/fs.go:78.25,80.4 1 1
github.com/silverbulletmd/silverbullet/server/fs.go:80.9,82.4 1 0
github.com/silverbulletmd/silverbullet/server/fs.go:83.3,83.9 1 1
github.com/silverbulletmd/silverbullet/server/fs.go:86.2,88.15 3 1
github.com/silverbulletmd/silverbullet/server/fs.go:92.58,98.16 4 1
github.com/silverbulletmd/silverbullet/server/fs.go:98.16,101.3 2 0
github.com/silverbulletmd/silverbullet/server/fs.go:104.2,105.16 2 1
github.com/silverbulletmd/silverbullet/server/fs.go:105.16,109.3 3 1
github.com/silverbulletmd/silverbullet/server/fs.go:111.2,113.23 3 1
github.com/silverbulletmd/silverbullet/server/fs.go:117.61,121.69 3 1
github.com/silverbulletmd/silverbullet/server/fs.go:121.69,122.25 1 1
github.com/silverbulletmd/silverbullet/server/fs.go:122.25,124.4 1 1
github.com/silverbulletmd/silverbullet/server/fs.go:124.9,127.4 2 0
github.com/silverbulletmd/silverbullet/server/fs.go:128.3,128.9 1 1
github.com/silverbulletmd/silverbullet/server/fs.go:131.2,132.23 2 1
github.com/silverbulletmd/silverbullet/server/fs.go:136.63,143.2 6 1
github.com/silverbulletmd/silverbullet/server/fs.go:146.67,154.19 3 1
github.com/silverbulletmd/silverbullet/server/fs.go:154.19,156.3 1 1
github.com/silverbulletmd/silverbullet/server/fs.go:157.2,157.37 1 1
github.com/silverbulletmd/silverbullet/server/fs.go:157.37,159.17 2 0
github.com/silverbulletmd/silverbullet/server/fs.go:159.17,161.4 1 0
github.com/silverbulletmd/silverbullet/server/fs.go:162.8,162.42 1 1
github.com/silverbulletmd/silverbullet/server/fs.go:162.42,164.17 2 1
github.com/silverbulletmd/silverbullet/server/fs.go:164.17,166.4 1 0
github.com/silverbulletmd/silverbullet/server/fs.go:168.2,168.30 1 1
github.com/silverbulletmd/silverbullet/server/fs.go:168.30,170.17 2 0
github.com/silverbulletmd/silverbullet/server/fs.go:170.17,172.4 1 0
github.com/silverbulletmd/silverbullet/server/fs.go:174.2,174.36 1 1
github.com/silverbulletmd/silverbullet/server/fs.go:174.36,176.17 2 0
github.com/silverbulletmd/silverbullet/server/fs.go:176.17,178.4 1 0
github.com/silverbulletmd/silverbullet/server/fs.go:181.2,181.11 1 1
github.com/silverbulletmd/silverbullet/server/fs.go:184.58,187.25 2 1
github.com/silverbulletmd/silverbullet/server/fs.go:187.25,189.3 1 0
github.com/silverbulletmd/silverbullet/server/fs.go:190.2,190.14 1 1
github.com/silverbulletmd/silverbullet/server/logs_endpoint.go:18.65,21.61 2 1
github.com/silverbulletmd/silverbullet/server/logs_endpoint.go:21.61,24.3 2 0
github.com/silverbulletmd/silverbullet/server/logs_endpoint.go:25.2,25.35 1 1
github.com/silverbulletmd/silverbullet/server/logs_endpoint.go:25.35,28.3 2 1
github.com/silverbulletmd/silverbullet/server/logs_endpoint.go:29.2,29.30 1 1
github.com/silverbulletmd/silverbullet/server/manifest_endpoint.go:31.62,53.32 4 1
github.com/silverbulletmd/silverbullet/server/manifest_endpoint.go:53.32,57.3 3 0
github.com/silverbulletmd/silverbullet/server/manifest_endpoint.go:59.2,59.29 1 1
github.com/silverbulletmd/silverbullet/server/prometheus.go:20.13,22.2 1 1
github.com/silverbulletmd/silverbullet/server/prometheus.go:24.80,25.29 1 1
github.com/silverbulletmd/silverbullet/server/prometheus.go:25.29,27.47 1 1
github.com/silverbulletmd/silverbullet/server/prometheus.go:27.47,29.4 1 1
github.com/silverbulletmd/silverbullet/server/prometheus.go:30.8,31.47 1 0
github.com/silverbulletmd/silverbullet/server/prometheus.go:31.47,32.73 1 0
github.com/silverbulletmd/silverbullet/server/prometheus.go:32.73,35.5 2 0
github.com/silverbulletmd/silverbullet/server/prometheus.go:40.45,41.29 1 0
github.com/silverbulletmd/silverbullet/server/prometheus.go:41.29,50.3 5 0
github.com/silverbulletmd/silverbullet/server/proxy.go:23.13,25.2 1 1
github.com/silverbulletmd/silverbullet/server/proxy.go:27.59,29.30 2 0
github.com/silverbulletmd/silverbullet/server/proxy.go:29.30,32.3 2 0
github.com/silverbulletmd/silverbullet/server/proxy.go:35.2,36.16 2 0
github.com/silverbulletmd/silverbullet/server/proxy.go:36.16,39.3 2 0
github.com/silverbulletmd/silverbullet/server/proxy.go:42.2,42.26 1 0
github.com/silverbulletmd/silverbullet/server/proxy.go:42.26,44.3 1 0
github.com/silverbulletmd/silverbullet/server/proxy.go:47.2,48.38 2 0
github.com/silverbulletmd/silverbullet/server/proxy.go:48.38,50.3 1 0
github.com/silverbulletmd/silverbullet/server/proxy.go:50.8,52.3 1 0
github.com/silverbulletmd/silverbullet/server/proxy.go:54.2,58.16 3 0
github.com/silverbulletmd/silverbullet/server/proxy.go:58.16,61.3 2 0
github.com/silverbulletmd/silverbullet/server/proxy.go:64.2,64.36 1 0
github.com/silverbulletmd/silverbullet/server/proxy.go:64.36,65.65 1 0
github.com/silverbulletmd/silverbullet/server/proxy.go:65.65,67.33 2 0
github.com/silverbulletmd/silverbullet/server/proxy.go:67.33,69.5 1 0
github.com/silverbulletmd/silverbullet/server/proxy.go:74.2,77.16 3 0
github.com/silverbulletmd/silverbullet/server/proxy.go:77.16,81.3 3 0
github.com/silverbulletmd/silverbullet/server/proxy.go:82.2,85.39 2 0
github.com/silverbulletmd/silverbullet/server/proxy.go:85.39,86.32 1 0
github.com/silverbulletmd/silverbullet/server/proxy.go:86.32,88.4 1 0
github.com/silverbulletmd/silverbullet/server/proxy.go:92.2,97.49 4 0
github.com/silverbulletmd/silverbullet/server/proxy.go:97.49,99.3 1 0
github.com/silverbulletmd/silverbullet/server/proxy.go:100.2,100.26 1 0
github.com/silverbulletmd/silverbullet/server/read_only_space_primitives.go:14.83,16.2 1 1
github.com/silverbulletmd/silverbullet/server/read_only_space_primitives.go:19.72,21.2 1 0
github.com/silverbulletmd/silverbullet/server/read_only_space_primitives.go:24.79,26.2 1 0
github.com/silverbulletmd/silverbullet/server/read_only_space_primitives.go:29.84,31.2 1 0
github.com/silverbulletmd/silverbullet/server/read_only_space_primitives.go:34.106,36.2 1 1
github.com/silverbulletmd/silverbullet/server/read_only_space_primitives.go:39.66,41.2 1 0
github.com/silverbulletmd/silverbullet/server/server.go:34.46,37.30 2 1
github.com/silverbulletmd/silverbullet/server/server.go:37.30,39.3 1 0
github.com/silverbulletmd/silverbullet/server/server.go:41.2,57.68 8 1
github.com/silverbulletmd/silverbullet/server/server.go:57.68,63.3 5 1
github.com/silverbulletmd/silverbullet/server/server.go:66.2,69.70 2 1
github.com/silverbulletmd/silverbullet/server/server.go:69.70,82.3 4 1
github.com/silverbulletmd/silverbullet/server/server.go:85.2,96.71 5 1
github.com/silverbulletmd/silverbullet/server/server.go:96.71,103.17 4 1
github.com/silverbulletmd/silverbullet/server/server.go:103.17,105.77 1 1
github.com/silverbulletmd/silverbullet/server/server.go:105.77,108.5 2 1
github.com/silverbulletmd/silverbullet/server/server.go:109.4,113.10 5 1
github.com/silverbulletmd/silverbullet/server/server.go:117.3,117.52 1 0
github.com/silverbulletmd/silverbullet/server/server.go:120.2,120.32 1 1
github.com/silverbulletmd/silverbullet/server/server.go:120.32,122.3 1 1
github.com/silverbulletmd/silverbullet/server/server.go:122.8,124.3 1 1
github.com/silverbulletmd/silverbullet/server/server.go:125.2,125.10 1 1
github.com/silverbulletmd/silverbullet/server/server.go:128.44,132.36 3 0
github.com/silverbulletmd/silverbullet/server/server.go:132.36,134.3 1 0
github.com/silverbulletmd/silverbullet/server/server.go:135.2,144.12 4 0
github.com/silverbulletmd/silverbullet/server/server.go:144.12,145.76 1 0
github.com/silverbulletmd/silverbullet/server/server.go:145.76,147.4 1 0
github.com/silverbulletmd/silverbullet/server/server.go:148.3,149.26 2 0
github.com/silverbulletmd/silverbullet/server/server.go:152.2,163.53 8 0
github.com/silverbulletmd/silverbullet/server/server.go:163.53,165.3 1 0
github.com/silverbulletmd/silverbullet/server/server.go:166.2,168.12 3 0
github.com/silverbulletmd/silverbullet/server/shell_backend.go:19.65,21.24 2 1
github.com/silverbulletmd/silverbullet/server/shell_backend.go:21.24,23.3 1 1
github.com/silverbulletmd/silverbullet/server/shell_backend.go:24.2,28.3 1 1
github.com/silverbulletmd/silverbullet/server/shell_backend.go:32.75,34.72 1 1
github.com/silverbulletmd/silverbullet/server/shell_backend.go:34.72,41.3 2 1
github.com/silverbulletmd/silverbullet/server/shell_backend.go:43.2,50.26 4 1
github.com/silverbulletmd/silverbullet/server/shell_backend.go:50.26,52.3 1 1
github.com/silverbulletmd/silverbullet/server/shell_backend.go:55.2,63.16 6 1
github.com/silverbulletmd/silverbullet/server/shell_backend.go:63.16,65.49 1 1
github.com/silverbulletmd/silverbullet/server/shell_backend.go:65.49,67.4 1 0
github.com/silverbulletmd/silverbullet/server/shell_backend.go:67.9,74.4 1 1
github.com/silverbulletmd/silverbullet/server/shell_backend.go:77.2,81.8 1 1
github.com/silverbulletmd/silverbullet/server/shell_backend.go:88.48,90.2 1 0
github.com/silverbulletmd/silverbullet/server/shell_backend.go:93.83,99.2 1 0
github.com/silverbulletmd/silverbullet/server/shell_endpoint.go:16.13,18.2 1 1
github.com/silverbulletmd/silverbullet/server/shell_endpoint.go:21.66,25.70 3 1
github.com/silverbulletmd/silverbullet/server/shell_endpoint.go:25.70,28.3 2 1
github.com/silverbulletmd/silverbullet/server/shell_endpoint.go:31.2,32.16 2 1
github.com/silverbulletmd/silverbullet/server/shell_endpoint.go:32.16,36.3 3 0
github.com/silverbulletmd/silverbullet/server/shell_endpoint.go:37.2,41.65 3 1
github.com/silverbulletmd/silverbullet/server/shell_endpoint.go:41.65,45.3 3 0
github.com/silverbulletmd/silverbullet/server/space_primitive_testing.go:11.73,12.46 1 1
github.com/silverbulletmd/silverbullet/server/space_primitive_testing.go:12.46,14.3 1 1
github.com/silverbulletmd/silverbullet/server/space_primitive_testing.go:15.2,15.46 1 1
github.com/silverbulletmd/silverbullet/server/space_primitive_testing.go:15.46,17.3 1 1
github.com/silverbulletmd/silverbullet/server/space_primitive_testing.go:18.2,18.41 1 1
github.com/silverbulletmd/silverbullet/server/space_primitive_testing.go:18.41,20.3 1 1
github.com/silverbulletmd/silverbullet/server/space_primitive_testing.go:21.2,21.45 1 1
github.com/silverbulletmd/silverbullet/server/space_primitive_testing.go:21.45,23.3 1 1
github.com/silverbulletmd/silverbullet/server/space_primitive_testing.go:24.2,24.47 1 1
github.com/silverbulletmd/silverbullet/server/space_primitive_testing.go:24.47,26.3 1 1
github.com/silverbulletmd/silverbullet/server/space_primitive_testing.go:27.2,27.44 1 1
github.com/silverbulletmd/silverbullet/server/space_primitive_testing.go:27.44,29.3 1 1
github.com/silverbulletmd/silverbullet/server/space_primitive_testing.go:30.2,30.41 1 1
github.com/silverbulletmd/silverbullet/server/space_primitive_testing.go:30.41,32.3 1 1
github.com/silverbulletmd/silverbullet/server/space_primitive_testing.go:33.2,33.51 1 1
github.com/silverbulletmd/silverbullet/server/space_primitive_testing.go:33.51,35.3 1 1
github.com/silverbulletmd/silverbullet/server/space_primitive_testing.go:38.2,40.64 3 1
github.com/silverbulletmd/silverbullet/server/space_primitive_testing.go:43.73,130.2 49 1
github.com/silverbulletmd/silverbullet/server/space_primitive_testing.go:132.73,155.40 15 1
github.com/silverbulletmd/silverbullet/server/space_primitive_testing.go:155.40,156.32 1 1
github.com/silverbulletmd/silverbullet/server/space_primitive_testing.go:156.32,158.4 1 1
github.com/silverbulletmd/silverbullet/server/space_primitive_testing.go:161.2,177.48 11 1
github.com/silverbulletmd/silverbullet/server/space_primitive_testing.go:180.68,194.2 9 1
github.com/silverbulletmd/silverbullet/server/space_primitive_testing.go:196.72,209.2 8 1
github.com/silverbulletmd/silverbullet/server/space_primitive_testing.go:211.74,223.40 2 1
github.com/silverbulletmd/silverbullet/server/space_primitive_testing.go:223.40,233.3 7 1
github.com/silverbulletmd/silverbullet/server/space_primitive_testing.go:236.2,239.40 3 1
github.com/silverbulletmd/silverbullet/server/space_primitive_testing.go:239.40,241.30 2 1
github.com/silverbulletmd/silverbullet/server/space_primitive_testing.go:241.30,242.26 1 1
github.com/silverbulletmd/silverbullet/server/space_primitive_testing.go:242.26,244.10 2 1
github.com/silverbulletmd/silverbullet/server/space_primitive_testing.go:247.3,247.72 1 1
github.com/silverbulletmd/silverbullet/server/space_primitive_testing.go:251.2,251.40 1 1
github.com/silverbulletmd/silverbullet/server/space_primitive_testing.go:251.40,254.3 2 1
github.com/silverbulletmd/silverbullet/server/space_primitive_testing.go:257.71,267.2 6 1
github.com/silverbulletmd/silverbullet/server/space_primitive_testing.go:269.68,272.41 2 1
github.com/silverbulletmd/silverbullet/server/space_primitive_testing.go:272.41,274.3 1 1
github.com/silverbulletmd/silverbullet/server/space_primitive_testing.go:276.2,287.35 8 1
github.com/silverbulletmd/silverbullet/server/space_primitive_testing.go:287.35,289.3 1 0
github.com/silverbulletmd/silverbullet/server/space_primitive_testing.go:291.2,294.55 3 1
github.com/silverbulletmd/silverbullet/server/space_primitive_testing.go:297.78,322.2 11 1
github.com/silverbulletmd/silverbullet/server/spaces.go:11.76,12.46 1 1
github.com/silverbulletmd/silverbullet/server/spaces.go:12.46,13.72 1 1
github.com/silverbulletmd/silverbullet/server/spaces.go:13.72,15.18 2 1
github.com/silverbulletmd/silverbullet/server/spaces.go:15.18,18.5 2 0
github.com/silverbulletmd/silverbullet/server/spaces.go:19.4,22.39 4 1
github.com/silverbulletmd/silverbullet/server/spaces.go:27.63,29.2 1 1
github.com/silverbulletmd/silverbullet/server/spaces.go:31.65,33.2 1 1
github.com/silverbulletmd/silverbullet/server/ssr.go:23.54,28.69 2 0
github.com/silverbulletmd/silverbullet/server/ssr.go:28.69,34.3 3 0
github.com/silverbulletmd/silverbullet/server/ssr.go:36.2,36.15 1 0
github.com/silverbulletmd/silverbullet/server/ssr.go:39.128,43.20 2 0
github.com/silverbulletmd/silverbullet/server/ssr.go:43.20,45.3 1 0
github.com/silverbulletmd/silverbullet/server/ssr.go:47.2,49.47 2 0
github.com/silverbulletmd/silverbullet/server/ssr.go:49.47,50.18 1 0
github.com/silverbulletmd/silverbullet/server/ssr.go:50.18,53.5 1 0
github.com/silverbulletmd/silverbullet/server/ssr.go:56.4,60.64 5 0
github.com/silverbulletmd/silverbullet/server/ssr.go:63.2,77.57 3 0
github.com/silverbulletmd/silverbullet/server/ssr.go:77.57,83.17 3 0
github.com/silverbulletmd/silverbullet/server/ssr.go:83.17,85.4 1 0
github.com/silverbulletmd/silverbullet/server/ssr.go:85.9,87.4 1 0
github.com/silverbulletmd/silverbullet/server/ssr.go:90.2,92.53 3 0
github.com/silverbulletmd/silverbullet/server/ssr.go:92.53,95.3 2 0
github.com/silverbulletmd/silverbullet/server/util.go:17.52,21.57 2 1
github.com/silverbulletmd/silverbullet/server/util.go:21.57,23.3 1 1
github.com/silverbulletmd/silverbullet/server/util.go:26.2,27.23 2 1
github.com/silverbulletmd/silverbullet/server/util.go:27.23,29.3 1 1
github.com/silverbulletmd/silverbullet/server/util.go:30.2,30.20 1 1
github.com/silverbulletmd/silverbullet/server/version.go:9.62,14.22 3 1
github.com/silverbulletmd/silverbullet/server/version.go:14.22,16.3 1 0
github.com/silverbulletmd/silverbullet/server/version.go:18.2,19.19 2 1
github.com/silverbulletmd/silverbullet/server/version.go:19.19,21.3 1 0
github.com/silverbulletmd/silverbullet/server/version.go:23.2,23.21 1 1
